This is pdfTeX, Version 3.14159265-2.6-1.40.20 (TeX Live 2019/Debian) (preloaded format=pdflatex 2022.4.2)  5 APR 2022 00:24
entering extended mode
 restricted \write18 enabled.
 %&-line parsing enabled.
**pnas-nexus-authoring-template.tex
(./pnas-nexus-authoring-template.tex
LaTeX2e <2020-02-02> patch level 2
L3 programming layer <2020-02-14> (./oup-authoring-template.cls
Document Class: oup-authoring-template 2020/02/18 1.0
(/usr/share/texlive/texmf-dist/tex/latex/crop/crop.sty
Package: crop 2003/05/20 v1.9 crop marks (mf)
\stockwidth=\dimen134
\stockheight=\dimen135
\CROP@index=\count167

(/usr/share/texlive/texmf-dist/tex/latex/graphics/color.sty
Package: color 2019/11/23 v1.2a Standard LaTeX Color (DPC)

(/usr/share/texlive/texmf-dist/tex/latex/graphics-cfg/color.cfg
File: color.cfg 2016/01/02 v1.6 sample color configuration
)
Package color Info: Driver file: pdftex.def on input line 147.

(/usr/share/texlive/texmf-dist/tex/latex/graphics-def/pdftex.def
File: pdftex.def 2018/01/08 v1.0l Graphics/color driver for pdftex
))
(/usr/share/texlive/texmf-dist/tex/latex/graphics/graphics.sty
Package: graphics 2019/11/30 v1.4a Standard LaTeX Graphics (DPC,SPQR)

(/usr/share/texlive/texmf-dist/tex/latex/graphics/trig.sty
Package: trig 2016/01/03 v1.10 sin cos tan (DPC)
)
(/usr/share/texlive/texmf-dist/tex/latex/graphics-cfg/graphics.cfg
File: graphics.cfg 2016/06/04 v1.11 sample graphics configuration
)
Package graphics Info: Driver file: pdftex.def on input line 105.
)
\CROP@offset=\count168
Package crop Info: Local config file crop.cfg used on input line 605.

(/usr/share/texlive/texmf-dist/tex/xelatex/xetexconfig/crop.cfg))
(/usr/share/texlive/texmf-dist/tex/latex/graphics/graphicx.sty
Package: graphicx 2019/11/30 v1.2a Enhanced LaTeX Graphics (DPC,SPQR)

(/usr/share/texlive/texmf-dist/tex/latex/graphics/keyval.sty
Package: keyval 2014/10/28 v1.15 key=value parser (DPC)
\KV@toks@=\toks14
)
\Gin@req@height=\dimen136
\Gin@req@width=\dimen137
)
(/usr/share/texlive/texmf-dist/tex/latex/caption/caption.sty
Package: caption 2020/01/03 v3.4h Customizing captions (AR)

(/usr/share/texlive/texmf-dist/tex/latex/caption/caption3.sty
Package: caption3 2020/01/03 v1.8h caption3 kernel (AR)
Package caption3 Info: TeX engine: e-TeX on input line 61.
\captionmargin=\dimen138
\captionmargin@=\dimen139
\captionwidth=\dimen140
\caption@tempdima=\dimen141
\caption@indent=\dimen142
\caption@parindent=\dimen143
\caption@hangindent=\dimen144
\abovecaptionskip=\skip47
\belowcaptionskip=\skip48
Package caption Info: Unknown document class (or package),
(caption)             standard defaults will be used.
Package caption Info: \@makecaption = undefined on input line 1082.
)

Package caption Warning: Unknown document class (or package),
(caption)                standard defaults will be used.
See the caption package documentation for explanation.

\c@caption@flags=\count169
\c@continuedfloat=\count170
) (/usr/share/texlive/texmf-dist/tex/latex/amsmath/amsmath.sty
Package: amsmath 2020/01/20 v2.17e AMS math features
\@mathmargin=\skip49

For additional information on amsmath, use the `?' option.
(/usr/share/texlive/texmf-dist/tex/latex/amsmath/amstext.sty
Package: amstext 2000/06/29 v2.01 AMS text

(/usr/share/texlive/texmf-dist/tex/latex/amsmath/amsgen.sty
File: amsgen.sty 1999/11/30 v2.0 generic functions
\@emptytoks=\toks15
\ex@=\dimen145
))
(/usr/share/texlive/texmf-dist/tex/latex/amsmath/amsbsy.sty
Package: amsbsy 1999/11/29 v1.2d Bold Symbols
\pmbraise@=\dimen146
)
(/usr/share/texlive/texmf-dist/tex/latex/amsmath/amsopn.sty
Package: amsopn 2016/03/08 v2.02 operator names
)
\inf@bad=\count171
LaTeX Info: Redefining \frac on input line 227.
\uproot@=\count172
\leftroot@=\count173
LaTeX Info: Redefining \overline on input line 389.
\classnum@=\count174
\DOTSCASE@=\count175
LaTeX Info: Redefining \ldots on input line 486.
LaTeX Info: Redefining \dots on input line 489.
LaTeX Info: Redefining \cdots on input line 610.
\Mathstrutbox@=\box45
\strutbox@=\box46
\big@size=\dimen147
LaTeX Font Info:    Redeclaring font encoding OML on input line 733.
LaTeX Font Info:    Redeclaring font encoding OMS on input line 734.
\macc@depth=\count176
\c@MaxMatrixCols=\count177
\dotsspace@=\muskip16
\c@parentequation=\count178
\dspbrk@lvl=\count179
\tag@help=\toks16
\row@=\count180
\column@=\count181
\maxfields@=\count182
\andhelp@=\toks17
\eqnshift@=\dimen148
\alignsep@=\dimen149
\tagshift@=\dimen150
\tagwidth@=\dimen151
\totwidth@=\dimen152
\lineht@=\dimen153
\@envbody=\toks18
\multlinegap=\skip50
\multlinetaggap=\skip51
\mathdisplay@stack=\toks19
LaTeX Info: Redefining \[ on input line 2859.
LaTeX Info: Redefining \] on input line 2860.
)
(/usr/share/texlive/texmf-dist/tex/latex/tools/array.sty
Package: array 2019/08/31 v2.4l Tabular extension package (FMi)
\col@sep=\dimen154
\ar@mcellbox=\box47
\extrarowheight=\dimen155
\NC@list=\toks20
\extratabsurround=\skip52
\backup@length=\skip53
\ar@cellbox=\box48
)
(/usr/share/texlive/texmf-dist/tex/latex/xcolor/xcolor.sty
Package: xcolor 2016/05/11 v2.12 LaTeX color extensions (UK)

(/usr/share/texlive/texmf-dist/tex/latex/graphics-cfg/color.cfg
File: color.cfg 2016/01/02 v1.6 sample color configuration
)
Package xcolor Info: Driver file: pdftex.def on input line 225.
LaTeX Info: Redefining \color on input line 709.
Package xcolor Info: Model `cmy' substituted by `cmy0' on input line 1348.
Package xcolor Info: Model `hsb' substituted by `rgb' on input line 1352.
Package xcolor Info: Model `RGB' extended on input line 1364.
Package xcolor Info: Model `HTML' substituted by `rgb' on input line 1366.
Package xcolor Info: Model `Hsb' substituted by `hsb' on input line 1367.
Package xcolor Info: Model `tHsb' substituted by `hsb' on input line 1368.
Package xcolor Info: Model `HSB' substituted by `hsb' on input line 1369.
Package xcolor Info: Model `Gray' substituted by `gray' on input line 1370.
Package xcolor Info: Model `wave' substituted by `hsb' on input line 1371.
)
(/usr/share/texlive/texmf-dist/tex/latex/amsfonts/amssymb.sty
Package: amssymb 2013/01/14 v3.01 AMS font symbols

(/usr/share/texlive/texmf-dist/tex/latex/amsfonts/amsfonts.sty
Package: amsfonts 2013/01/14 v3.01 Basic AMSFonts support
\symAMSa=\mathgroup4
\symAMSb=\mathgroup5
LaTeX Font Info:    Redeclaring math symbol \hbar on input line 98.
LaTeX Font Info:    Overwriting math alphabet `\mathfrak' in version `bold'
(Font)                  U/euf/m/n --> U/euf/b/n on input line 106.
))
(/usr/share/texlive/texmf-dist/tex/latex/sttools/flushend.sty
Package: flushend 2017/03/27 v3.3 Balancing columns in twocolumn mode
\flushend@@lastskip@a=\skip54
\flushend@@lastskip@b=\skip55
\flushend@@lastskip@c=\skip56
\flushend@@penalty@a=\count183
\flushend@@lastkern@a=\dimen156
\var@@temp@spread=\dimen157
\var@@temp@a=\dimen158
\flushend@@page@rule=\dimen159
\flushend@@varbox@a=\box49
\flushend@@varbox@c=\box50
\flushend@@tempbox@a=\box51
\flushend@@tempbox@c=\box52
\@viper=\box53
\hold@viper=\box54
\atColsBreak=\toks21
\atColsEnd=\toks22

(/usr/share/texlive/texmf-dist/tex/latex/etoolbox/etoolbox.sty
Package: etoolbox 2019/09/21 v2.5h e-TeX tools for LaTeX (JAW)
\etb@tempcnta=\count184
))
(/usr/share/texlive/texmf-dist/tex/latex/sttools/stfloats.sty
Package: stfloats 2017/03/27 v3.3 Improve float mechanism and baselineskip sett
ings
\@dblbotnum=\count185
\c@dblbotnumber=\count186
)
(/usr/share/texlive/texmf-dist/tex/latex/graphics/rotating.sty
Package: rotating 2016/08/11 v2.16d rotated objects in LaTeX

(/usr/share/texlive/texmf-dist/tex/latex/base/ifthen.sty
Package: ifthen 2014/09/29 v1.1c Standard LaTeX ifthen package (DPC)
)
\c@r@tfl@t=\count187
\rotFPtop=\skip57
\rotFPbot=\skip58
\rot@float@box=\box55
\rot@mess@toks=\toks23
)
(/usr/share/texlive/texmf-dist/tex/latex/changepage/chngpage.sty
Package: chngpage 2009/10/20 v1.2b change page layout
\c@cp@cnt=\count188
\c@cp@tempcnt=\count189
)
(/usr/share/texlive/texmf-dist/tex/latex/totcount/totcount.sty
Package: totcount 2011/01/25 v1.2 package for gettingthe total value of LaTeX c
ounters
)
(/usr/share/texlive/texmf-dist/tex/latex/base/fix-cm.sty
Package: fix-cm 2015/01/14 v1.1t fixes to LaTeX

(/usr/share/texlive/texmf-dist/tex/latex/base/ts1enc.def
File: ts1enc.def 2001/06/05 v3.0e (jk/car/fm) Standard LaTeX file
LaTeX Font Info:    Redeclaring font encoding TS1 on input line 47.
))
\croppaperwidth=\dimen160
\croppaperheight=\dimen161
\Croppdfwidth=\dimen162
\Croppdfheight=\dimen163
\Trimpdfwidth=\dimen164
\Trimpdfheight=\dimen165
\CP@toff@wd=\dimen166
\CP@toff@ht=\dimen167
\CP@boff@wd=\dimen168
\CP@boff@ht=\dimen169
\CP@crop@wd=\dimen170
\CP@crop@ht=\dimen171
\CP@bled@wd=\dimen172
\CP@bled@ht=\dimen173
\CP@trim@wd=\dimen174
\CP@trim@ht=\dimen175
\c@section=\count190
\c@subsection=\count191
\c@subsubsection=\count192
\c@paragraph=\count193
\c@subparagraph=\count194
\c@figure=\count195
\c@table=\count196
\dropfromtop=\skip59
\c@myauthcount=\count197
\c@myauthcount@totc=\count198
\c@myhistorycount=\count199
\c@myhistorycount@totc=\count266
\c@myaddcount=\count267
\c@myaddcount@totc=\count268
\extraspace=\skip60
\aboveskipchk=\skip61
\titlepagewd=\skip62
\rotdimen=\dimen176
\tempdime=\dimen177
\temptbox=\box56

(/usr/share/texlive/texmf-dist/tex/latex/natbib/natbib.sty
Package: natbib 2010/09/13 8.31b (PWD, AO)
\bibhang=\skip63
\bibsep=\skip64
LaTeX Info: Redefining \cite on input line 694.
\c@NAT@ctr=\count269
)
(/usr/share/texlive/texmf-dist/tex/latex/wrapfig/wrapfig.sty
\wrapoverhang=\dimen178
\WF@size=\dimen179
\c@WF@wrappedlines=\count270
\WF@box=\box57
\WF@everypar=\toks24
Package: wrapfig 2003/01/31  v 3.6
)
\wraplines=\count271
\@authorfigbox=\box58
\@authorfigboxdim=\skip65
\biofigadjskip=\skip66

(/usr/share/texlive/texmf-dist/tex/latex/amscls/amsthm.sty
Package: amsthm 2017/10/31 v2.20.4
\thm@style=\toks25
\thm@bodyfont=\toks26
\thm@headfont=\toks27
\thm@notefont=\toks28
\thm@headpunct=\toks29
\thm@preskip=\skip67
\thm@postskip=\skip68
\thm@headsep=\skip69
\dth@everypar=\toks30
)
(/usr/share/texlive/texmf-dist/tex/latex/subfloat/subfloat.sty
Package: subfloat 2003/08/21 version 2.14

Package `subfloat', Version 2.14 of 2003/08/21.

Package subfloat Warning: Numbers of floats not counted:
(subfloat)                If you use one of the counters subfloatfiguremax or
(subfloat)                subfloattablemax you will get strange error messages
(subfloat)                containing \c@subfloatfiguremax or
(subfloat)                \c@subfloattablemax:
(subfloat)                Please switch on countmax or remove the code using
(subfloat)                the counter then..

) (/usr/share/texlive/texmf-dist/tex/latex/subfig/subfig.sty
Package: subfig 2005/06/28 ver: 1.3 subfig package
\c@KVtest=\count272
\sf@farskip=\skip70
\sf@captopadj=\dimen180
\sf@capskip=\skip71
\sf@nearskip=\skip72
\c@subfigure=\count273
\c@subfigure@save=\count274
\c@lofdepth=\count275
\c@subtable=\count276
\c@subtable@save=\count277
\c@lotdepth=\count278
\sf@top=\skip73
\sf@bottom=\skip74
)
(/usr/share/texlive/texmf-dist/tex/latex/multirow/multirow.sty
Package: multirow 2019/05/31 v2.5 Span multiple rows of a table
\multirow@colwidth=\skip75
\multirow@cntb=\count279
\multirow@dima=\skip76
\bigstrutjot=\dimen181
)
(/usr/share/texlive/texmf-dist/tex/latex/mdwtools/footnote.sty
Package: footnote 1997/01/28 1.13 Save footnotes around boxes
\fn@notes=\box59
\fn@width=\dimen182
)
(/usr/share/texlive/texmf-dist/tex/latex/url/url.sty
\Urlmuskip=\muskip17
Package: url 2013/09/16  ver 3.4  Verb mode for urls, etc.
)
(/usr/share/texlive/texmf-dist/tex/latex/jknapltx/mathrsfs.sty
Package: mathrsfs 1996/01/01 Math RSFS package v1.0 (jk)
\symrsfs=\mathgroup6
)
(/usr/share/texlive/texmf-dist/tex/latex/algorithms/algorithm.sty
Package: algorithm 2009/08/24 v0.1 Document Style `algorithm' - floating enviro
nment

(/usr/share/texlive/texmf-dist/tex/latex/float/float.sty
Package: float 2001/11/08 v1.3d Float enhancements (AL)
\c@float@type=\count280
\float@exts=\toks31
\float@box=\box60
\@float@everytoks=\toks32
\@floatcapt=\box61
)
\@float@every@algorithm=\toks33
\c@algorithm=\count281
)
(/usr/share/texlive/texmf-dist/tex/latex/algorithmicx/algorithmicx.sty
Package: algorithmicx 2005/04/27 v1.2 Algorithmicx

Document Style algorithmicx 1.2 - a greatly improved `algorithmic' style
\c@ALG@line=\count282
\c@ALG@rem=\count283
\c@ALG@nested=\count284
\ALG@tlm=\skip77
\ALG@thistlm=\skip78
\c@ALG@Lnr=\count285
\c@ALG@blocknr=\count286
\c@ALG@storecount=\count287
\c@ALG@tmpcounter=\count288
\ALG@tmplength=\skip79
) (/usr/share/texlive/texmf-dist/tex/latex/algorithmicx/algpseudocode.sty
Package: algpseudocode 

Document Style - pseudocode environments for use with the `algorithmicx' style
) (/usr/share/texlive/texmf-dist/tex/latex/listings/listings.sty
\lst@mode=\count289
\lst@gtempboxa=\box62
\lst@token=\toks34
\lst@length=\count290
\lst@currlwidth=\dimen183
\lst@column=\count291
\lst@pos=\count292
\lst@lostspace=\dimen184
\lst@width=\dimen185
\lst@newlines=\count293
\lst@lineno=\count294
\lst@maxwidth=\dimen186

(/usr/share/texlive/texmf-dist/tex/latex/listings/lstmisc.sty
File: lstmisc.sty 2019/09/10 1.8c (Carsten Heinz)
\c@lstnumber=\count295
\lst@skipnumbers=\count296
\lst@framebox=\box63
)
(/usr/share/texlive/texmf-dist/tex/latex/listings/listings.cfg
File: listings.cfg 2019/09/10 1.8c listings configuration
))
Package: listings 2019/09/10 1.8c (Carsten Heinz)

(/usr/share/texlive/texmf-dist/tex/latex/hyperref/hyperref.sty
Package: hyperref 2020/01/14 v7.00d Hypertext links for LaTeX

(/usr/share/texlive/texmf-dist/tex/generic/ltxcmds/ltxcmds.sty
Package: ltxcmds 2019/12/15 v1.24 LaTeX kernel commands for general use (HO)
)
(/usr/share/texlive/texmf-dist/tex/generic/iftex/iftex.sty
Package: iftex 2019/11/07 v1.0c TeX engine tests
)
(/usr/share/texlive/texmf-dist/tex/latex/pdftexcmds/pdftexcmds.sty
Package: pdftexcmds 2019/11/24 v0.31 Utility functions of pdfTeX for LuaTeX (HO
)

(/usr/share/texlive/texmf-dist/tex/generic/infwarerr/infwarerr.sty
Package: infwarerr 2019/12/03 v1.5 Providing info/warning/error messages (HO)
)
Package pdftexcmds Info: \pdf@primitive is available.
Package pdftexcmds Info: \pdf@ifprimitive is available.
Package pdftexcmds Info: \pdfdraftmode found.
)
(/usr/share/texlive/texmf-dist/tex/generic/kvsetkeys/kvsetkeys.sty
Package: kvsetkeys 2019/12/15 v1.18 Key value parser (HO)
)
(/usr/share/texlive/texmf-dist/tex/generic/kvdefinekeys/kvdefinekeys.sty
Package: kvdefinekeys 2019-12-19 v1.6 Define keys (HO)
)
(/usr/share/texlive/texmf-dist/tex/generic/pdfescape/pdfescape.sty
Package: pdfescape 2019/12/09 v1.15 Implements pdfTeX's escape features (HO)
)
(/usr/share/texlive/texmf-dist/tex/latex/hycolor/hycolor.sty
Package: hycolor 2020-01-27 v1.10 Color options for hyperref/bookmark (HO)
)
(/usr/share/texlive/texmf-dist/tex/latex/letltxmacro/letltxmacro.sty
Package: letltxmacro 2019/12/03 v1.6 Let assignment for LaTeX macros (HO)
)
(/usr/share/texlive/texmf-dist/tex/latex/auxhook/auxhook.sty
Package: auxhook 2019-12-17 v1.6 Hooks for auxiliary files (HO)
)
(/usr/share/texlive/texmf-dist/tex/latex/kvoptions/kvoptions.sty
Package: kvoptions 2019/11/29 v3.13 Key value format for package options (HO)
)
\@linkdim=\dimen187
\Hy@linkcounter=\count297
\Hy@pagecounter=\count298

(/usr/share/texlive/texmf-dist/tex/latex/hyperref/pd1enc.def
File: pd1enc.def 2020/01/14 v7.00d Hyperref: PDFDocEncoding definition (HO)
Now handling font encoding PD1 ...
... no UTF-8 mapping file for font encoding PD1
)
(/usr/share/texlive/texmf-dist/tex/generic/intcalc/intcalc.sty
Package: intcalc 2019/12/15 v1.3 Expandable calculations with integers (HO)
)
(/usr/share/texlive/texmf-dist/tex/generic/etexcmds/etexcmds.sty
Package: etexcmds 2019/12/15 v1.7 Avoid name clashes with e-TeX commands (HO)
)
\Hy@SavedSpaceFactor=\count299
\pdfmajorversion=\count300
Package hyperref Info: Hyper figures OFF on input line 4547.
Package hyperref Info: Link nesting OFF on input line 4552.
Package hyperref Info: Hyper index ON on input line 4555.
Package hyperref Info: Plain pages OFF on input line 4562.
Package hyperref Info: Backreferencing OFF on input line 4567.
Package hyperref Info: Implicit mode ON; LaTeX internals redefined.
Package hyperref Info: Bookmarks ON on input line 4800.
\c@Hy@tempcnt=\count301
LaTeX Info: Redefining \url on input line 5159.
\XeTeXLinkMargin=\dimen188

(/usr/share/texlive/texmf-dist/tex/generic/bitset/bitset.sty
Package: bitset 2019/12/09 v1.3 Handle bit-vector datatype (HO)

(/usr/share/texlive/texmf-dist/tex/generic/bigintcalc/bigintcalc.sty
Package: bigintcalc 2019/12/15 v1.5 Expandable calculations on big integers (HO
)
))
\Fld@menulength=\count302
\Field@Width=\dimen189
\Fld@charsize=\dimen190
Package hyperref Info: Hyper figures OFF on input line 6430.
Package hyperref Info: Link nesting OFF on input line 6435.
Package hyperref Info: Hyper index ON on input line 6438.
Package hyperref Info: backreferencing OFF on input line 6445.
Package hyperref Info: Link coloring OFF on input line 6450.
Package hyperref Info: Link coloring with OCG OFF on input line 6455.
Package hyperref Info: PDF/A mode OFF on input line 6460.
LaTeX Info: Redefining \ref on input line 6500.
LaTeX Info: Redefining \pageref on input line 6504.

(/usr/share/texlive/texmf-dist/tex/generic/atbegshi/atbegshi.sty
Package: atbegshi 2019/12/05 v1.19 At begin shipout hook (HO)
Package atbegshi Info: Package `crop' patched.
)
\Hy@abspage=\count303
\c@Item=\count304
\c@Hfootnote=\count305
)
Package hyperref Info: Driver (autodetected): hpdftex.

(/usr/share/texlive/texmf-dist/tex/latex/hyperref/hpdftex.def
File: hpdftex.def 2020/01/14 v7.00d Hyperref driver for pdfTeX

(/usr/share/texlive/texmf-dist/tex/latex/atveryend/atveryend.sty
Package: atveryend 2019-12-11 v1.11 Hooks at the very end of document (HO)
)
\Fld@listcount=\count306
\c@bookmark@seq@number=\count307

(/usr/share/texlive/texmf-dist/tex/latex/rerunfilecheck/rerunfilecheck.sty
Package: rerunfilecheck 2019/12/05 v1.9 Rerun checks for auxiliary files (HO)

(/usr/share/texlive/texmf-dist/tex/generic/uniquecounter/uniquecounter.sty
Package: uniquecounter 2019/12/15 v1.4 Provide unlimited unique counter (HO)
)
Package uniquecounter Info: New unique counter `rerunfilecheck' on input line 2
86.
)
\Hy@SectionHShift=\skip80
))
\c@theorem=\count308
\c@example=\count309
\c@remark=\count310
\c@definition=\count311

(/usr/share/texlive/texmf-dist/tex/latex/draftwatermark/draftwatermark.sty
Package: draftwatermark 2015/02/19 1.2 Put a gray textual watermark on document
 pages

(/usr/share/texlive/texmf-dist/tex/latex/everypage/everypage.sty
Package: everypage 2007/06/20 1.1 Hooks to run on every page
)
\sc@wm@hcenter=\skip81
\sc@wm@vcenter=\skip82
\sc@wm@fontsize=\skip83
)
Package hyperref Info: Option `colorlinks' set `true' on input line 23.

(/usr/share/texlive/texmf-dist/tex/latex/makecell/makecell.sty
Package: makecell 2009/08/03 V0.1e Managing of Tab Column Heads and Cells
\rotheadsize=\dimen191
\c@nlinenum=\count312
\TeXr@lab=\toks35
)
(/usr/share/texlive/texmf-dist/tex/latex/l3backend/l3backend-pdfmode.def
File: l3backend-pdfmode.def 2020-02-03 L3 backend support: PDF mode
\l__kernel_color_stack_int=\count313
\l__pdf_internal_box=\box64
)
(./pnas-nexus-authoring-template.aux

LaTeX Warning: Label `marker5' multiply defined.


LaTeX Warning: Label `marker4' multiply defined.


LaTeX Warning: Label `marker5' multiply defined.

)
\openout1 = `pnas-nexus-authoring-template.aux'.

LaTeX Font Info:    Checking defaults for OML/cmm/m/it on input line 27.
LaTeX Font Info:    ... okay on input line 27.
LaTeX Font Info:    Checking defaults for OMS/cmsy/m/n on input line 27.
LaTeX Font Info:    ... okay on input line 27.
LaTeX Font Info:    Checking defaults for OT1/cmr/m/n on input line 27.
LaTeX Font Info:    ... okay on input line 27.
LaTeX Font Info:    Checking defaults for T1/cmr/m/n on input line 27.
LaTeX Font Info:    ... okay on input line 27.
LaTeX Font Info:    Checking defaults for TS1/cmr/m/n on input line 27.
LaTeX Font Info:    ... okay on input line 27.
LaTeX Font Info:    Checking defaults for OMX/cmex/m/n on input line 27.
LaTeX Font Info:    ... okay on input line 27.
LaTeX Font Info:    Checking defaults for U/cmr/m/n on input line 27.
LaTeX Font Info:    ... okay on input line 27.
LaTeX Font Info:    Checking defaults for PD1/pdf/m/n on input line 27.
LaTeX Font Info:    ... okay on input line 27.
 (/usr/share/texlive/texmf-dist/tex/context/base/mkii/supp-pdf.mkii
[Loading MPS to PDF converter (version 2006.09.02).]
\scratchcounter=\count314
\scratchdimen=\dimen192
\scratchbox=\box65
\nofMPsegments=\count315
\nofMParguments=\count316
\everyMPshowfont=\toks36
\MPscratchCnt=\count317
\MPscratchDim=\dimen193
\MPnumerator=\count318
\makeMPintoPDFobject=\count319
\everyMPtoPDFconversion=\toks37
) (/usr/share/texlive/texmf-dist/tex/latex/epstopdf-pkg/epstopdf-base.sty
Package: epstopdf-base 2020-01-24 v2.11 Base part for package epstopdf
Package epstopdf-base Info: Redefining graphics rule for `.eps' on input line 4
85.

(/usr/share/texlive/texmf-dist/tex/latex/latexconfig/epstopdf-sys.cfg
File: epstopdf-sys.cfg 2010/07/13 v1.3 Configuration of (r)epstopdf for TeX Liv
e
))
Package crop Info: requested driver: `' on input line 27.
Package crop Info: detected driver: `pdftex' on input line 27.
Package crop Info: using `pdftex' graphics driver on input line 27.
Package caption Info: Begin \AtBeginDocument code.
Package caption Info: subfig package v1.3 is loaded.
Package caption Info: float package is loaded.
Package caption Info: hyperref package is loaded.
Package caption Info: listings package is loaded.
Package caption Info: rotating package is loaded.
Package caption Info: wrapfig package is loaded.
Package caption Info: End \AtBeginDocument code.
LaTeX Font Info:    Redeclaring symbol font `AMSa' on input line 27.
LaTeX Font Info:    Overwriting symbol font `AMSa' in version `normal'
(Font)                  U/msa/m/n --> U/msa/m/n on input line 27.
LaTeX Font Info:    Overwriting symbol font `AMSa' in version `bold'
(Font)                  U/msa/m/n --> U/msa/m/n on input line 27.
\c@lstlisting=\count320
\AtBeginShipoutBox=\box66
Package hyperref Info: Link coloring ON on input line 27.

(/usr/share/texlive/texmf-dist/tex/latex/hyperref/nameref.sty
Package: nameref 2019/09/16 v2.46 Cross-referencing by name of section

(/usr/share/texlive/texmf-dist/tex/latex/refcount/refcount.sty
Package: refcount 2019/12/15 v3.6 Data extraction from label references (HO)
)
(/usr/share/texlive/texmf-dist/tex/generic/gettitlestring/gettitlestring.sty
Package: gettitlestring 2019/12/15 v1.6 Cleanup title references (HO)
)
\c@section@level=\count321
)
LaTeX Info: Redefining \ref on input line 27.
LaTeX Info: Redefining \pageref on input line 27.
LaTeX Info: Redefining \nameref on input line 27.

(./pnas-nexus-authoring-template.out) (./pnas-nexus-authoring-template.out)
\@outlinefile=\write3
\openout3 = `pnas-nexus-authoring-template.out'.

Package epstopdf Info: Source file: <pnasnexus-logo-primary-color.eps>
(epstopdf)                    date: 2022-04-05 02:02:22
(epstopdf)                    size: 359498 bytes
(epstopdf)             Output file: <pnasnexus-logo-primary-color-eps-converted
-to.pdf>
(epstopdf)                    date: 2022-04-05 00:24:23
(epstopdf)                    size: 24353 bytes
(epstopdf)             Command: <repstopdf --outfile=pnasnexus-logo-primary-col
or-eps-converted-to.pdf pnasnexus-logo-primary-color.eps>
(epstopdf)             \includegraphics on input line 67.
runsystem(repstopdf --outfile=pnasnexus-logo-primary-color-eps-converted-to.pdf
 pnasnexus-logo-primary-color.eps)...executed safely (allowed).

Package epstopdf Info: Result file: <pnasnexus-logo-primary-color-eps-converted
-to.pdf>
(epstopdf)                    date: 2022-04-05 00:24:32
(epstopdf)                    size: 24353 bytes.
<pnasnexus-logo-primary-color-eps-converted-to.pdf, id=72, 478.78876pt x 122.45
75pt>
File: pnasnexus-logo-primary-color-eps-converted-to.pdf Graphic file (type pdf)

<use pnasnexus-logo-primary-color-eps-converted-to.pdf>
Package pdftex.def Info: pnasnexus-logo-primary-color-eps-converted-to.pdf  use
d on input line 67.
(pdftex.def)             Requested size: 175.0pt x 44.7592pt.

Overfull \hbox (187.0pt too wide) detected at line 67
| []
 []


Overfull \hbox (53.5pt too wide) in paragraph at lines 67--67
| [][][] 
 []


Overfull \hbox (53.5pt too wide) in paragraph at lines 67--67
| [][][] 
 []


Underfull \hbox (badness 10000) in paragraph at lines 67--67

 []


LaTeX Warning: No \author given.

LaTeX Font Info:    Calculating math sizes for size <13.04874> on input line 67
.
LaTeX Font Info:    Trying to load font information for U+msa on input line 67.

(/usr/share/texlive/texmf-dist/tex/latex/amsfonts/umsa.fd
File: umsa.fd 2013/01/14 v3.01 AMS symbols A
)
LaTeX Font Info:    Trying to load font information for U+msb on input line 67.


(/usr/share/texlive/texmf-dist/tex/latex/amsfonts/umsb.fd
File: umsb.fd 2013/01/14 v3.01 AMS symbols B
)
LaTeX Font Info:    Trying to load font information for U+rsfs on input line 67
.

(/usr/share/texlive/texmf-dist/tex/latex/jknapltx/ursfs.fd
File: ursfs.fd 1998/03/24 rsfs font definition file (jk)
)

LaTeX Font Warning: Font shape `U/rsfs/m/n' in size <13.04874> not available
(Font)              size <12> substituted on input line 67.


LaTeX Font Warning: Font shape `U/rsfs/m/n' in size <6.52437> not available
(Font)              size <7> substituted on input line 67.

LaTeX Font Info:    Calculating math sizes for size <7.52812> on input line 67.


LaTeX Font Warning: Font shape `U/rsfs/m/n' in size <7.52812> not available
(Font)              size <8> substituted on input line 67.


LaTeX Font Warning: Font shape `U/rsfs/m/n' in size <3.76405> not available
(Font)              size <5> substituted on input line 67.

LaTeX Font Info:    Calculating math sizes for size <6.52437> on input line 67.


LaTeX Font Warning: Font shape `U/rsfs/m/n' in size <4.56703> not available
(Font)              size <5> substituted on input line 67.


LaTeX Font Warning: Font shape `U/rsfs/m/n' in size <3.26218> not available
(Font)              size <5> substituted on input line 67.


Overfull \hbox (53.5pt too wide) in paragraph at lines 67--67
[][][] 
 []

LaTeX Font Info:    Calculating math sizes for size <9.03374> on input line 67.


LaTeX Font Warning: Font shape `U/rsfs/m/n' in size <4.51686> not available
(Font)              size <5> substituted on input line 67.


LaTeX Warning: Command \r invalid in math mode on input line 67.


LaTeX Warning: Command \r invalid in math mode on input line 67.


LaTeX Warning: Command \r invalid in math mode on input line 67.


Overfull \hbox (53.5pt too wide) in paragraph at lines 67--67
[][][]
 []


Underfull \hbox (badness 10000) in paragraph at lines 67--67

 []


Underfull \hbox (badness 2351) in paragraph at lines 68--69
\OT1/cmr/m/n/7.52812 Similarly, the energies of a variety of different surface
 []


Underfull \hbox (badness 1953) in paragraph at lines 68--69
\OT1/cmr/m/n/7.52812 reconstructions can be calculated to see which one has
 []


Underfull \hbox (badness 1546) in paragraph at lines 70--71
\OT1/cmr/m/n/7.52812 they can be used with confidence even if there are no
 []


Underfull \vbox (badness 10000) has occurred while \output is active []


Underfull \hbox (badness 1072) in paragraph at lines 73--74
\OT1/cmr/m/n/7.52812 investigation of the energetics for Pb on unreconstructed
 []


Package hyperref Warning: Token not allowed in a PDF string (PDFDocEncoding):
(hyperref)                removing `math shift' on input line 76.


Package hyperref Warning: Token not allowed in a PDF string (PDFDocEncoding):
(hyperref)                removing `\@@underline' on input line 76.


Package hyperref Warning: Token not allowed in a PDF string (PDFDocEncoding):
(hyperref)                removing `\hbox' on input line 76.


Package hyperref Warning: Token not allowed in a PDF string (PDFDocEncoding):
(hyperref)                removing `\mathsurround' on input line 76.


Package hyperref Warning: Token not allowed in a PDF string (PDFDocEncoding):
(hyperref)                removing `\z@' on input line 76.


Package hyperref Warning: Token not allowed in a PDF string (PDFDocEncoding):
(hyperref)                removing `math shift' on input line 76.

[1{/var/lib/texmf/fonts/map/pdftex/updmap/pdftex.map}
Non-PDF special ignored!
<special> ps: [{ThisPage} << /CropBox [0 0 595.26013 782.33696] >> /PUT pdf...



 <./pnasnexus-logo-primary-color-eps-converted-to.pdf>]
<DATA.png, id=102, 867.24pt x 505.89pt>
File: DATA.png Graphic file (type png)
<use DATA.png>
Package pdftex.def Info: DATA.png  used on input line 84.
(pdftex.def)             Requested size: 216.80946pt x 126.47218pt.


Package caption Warning: \captionsetup{type*=...} or \captionof
(caption)                outside box or environment on input line 85.
See the caption package documentation for explanation.


Package caption Warning: The option `hypcap=true' will be ignored for this
(caption)                particular \caption on input line 85.
See the caption package documentation for explanation.


LaTeX Warning: Command \r invalid in math mode on input line 86.


Package hyperref Warning: Token not allowed in a PDF string (PDFDocEncoding):
(hyperref)                removing `math shift' on input line 88.


Package hyperref Warning: Token not allowed in a PDF string (PDFDocEncoding):
(hyperref)                removing `\@@underline' on input line 88.


Package hyperref Warning: Token not allowed in a PDF string (PDFDocEncoding):
(hyperref)                removing `\hbox' on input line 88.


Package hyperref Warning: Token not allowed in a PDF string (PDFDocEncoding):
(hyperref)                removing `\mathsurround' on input line 88.


Package hyperref Warning: Token not allowed in a PDF string (PDFDocEncoding):
(hyperref)                removing `\z@' on input line 88.


Package hyperref Warning: Token not allowed in a PDF string (PDFDocEncoding):
(hyperref)                removing `math shift' on input line 88.

<T1_T4_H3.jpg, id=105, 273.02pt x 270.00874pt>
File: T1_T4_H3.jpg Graphic file (type jpg)
<use T1_T4_H3.jpg>
Package pdftex.def Info: T1_T4_H3.jpg  used on input line 90.
(pdftex.def)             Requested size: 218.41629pt x 216.00728pt.

Package caption Warning: The option `hypcap=true' will be ignored for this
(caption)                particular \caption on input line 91.
See the caption package documentation for explanation.


Underfull \hbox (badness 3690) in paragraph at lines 89--91
\OT1/cmr/m/n/7.52812 The total energy of Pb on Ge(111) is calculated for
 []


Underfull \hbox (badness 2790) in paragraph at lines 89--91
\OT1/cmr/m/n/7.52812 1 Pb atom on a 6x6 super cell, for 1 ML coverage
 []


Underfull \hbox (badness 1448) in paragraph at lines 89--91
\OT1/cmr/m/n/7.52812 and for 1/3 ML coverage for all H3 , T1 , T4 sites.
 []


Underfull \hbox (badness 1590) in paragraph at lines 89--91
\OT1/cmr/m/n/7.52812 After that, the total energy of the three possible sites
 []


Underfull \hbox (badness 4366) in paragraph at lines 89--91
\OT1/cmr/m/n/7.52812 of Pb on Ge(111), H3 , T1 , T4 was minimized.
 []


Underfull \hbox (badness 5077) in paragraph at lines 103--105
\OT1/cmr/m/n/7.52812 where $\OML/cmm/m/it/7.52812 E[]$ \OT1/cmr/m/n/7.52812 is 
the energy of $\OML/cmm/m/it/7.52812 i[]$ \OT1/cmr/m/n/7.52812 configuration,
 []


LaTeX Warning: Command \r invalid in math mode on input line 105.


LaTeX Warning: Command \r invalid in math mode on input line 105.


LaTeX Warning: Command \r invalid in math mode on input line 105.

<dos.png, id=113, 911.65594pt x 666.99188pt>
File: dos.png Graphic file (type png)
<use dos.png>
Package pdftex.def Info: dos.png  used on input line 108.
(pdftex.def)             Requested size: 182.32796pt x 133.39601pt.

Package caption Warning: The option `hypcap=true' will be ignored for this
(caption)                particular \caption on input line 109.
See the caption package documentation for explanation.


Package hyperref Warning: Token not allowed in a PDF string (PDFDocEncoding):
(hyperref)                removing `math shift' on input line 112.


Package hyperref Warning: Token not allowed in a PDF string (PDFDocEncoding):
(hyperref)                removing `\@@underline' on input line 112.


Package hyperref Warning: Token not allowed in a PDF string (PDFDocEncoding):
(hyperref)                removing `\hbox' on input line 112.


Package hyperref Warning: Token not allowed in a PDF string (PDFDocEncoding):
(hyperref)                removing `\mathsurround' on input line 112.


Package hyperref Warning: Token not allowed in a PDF string (PDFDocEncoding):
(hyperref)                removing `\z@' on input line 112.


Package hyperref Warning: Token not allowed in a PDF string (PDFDocEncoding):
(hyperref)                removing `math shift' on input line 112.


LaTeX Warning: Command \r invalid in math mode on input line 115.


Overfull \hbox (253.25pt too wide) has occurred while \output is active
[][][] 
 []


Overfull \vbox (1.0pt too high) has occurred while \output is active []

 [2
Non-PDF special ignored!
<special> ps: [{ThisPage} << /CropBox [0 0 595.26013 782.33696] >> /PUT pdf...
 <./DATA.png> <./T1_T4_H3.jpg> <./dos.png>]
<2x1.png, id=142, 228.855pt x 301.125pt>
File: 2x1.png Graphic file (type png)
<use 2x1.png>
Package pdftex.def Info: 2x1.png  used on input line 119.
(pdftex.def)             Requested size: 137.31404pt x 180.67638pt.


Package caption Warning: The option `hypcap=true' will be ignored for this
(caption)                particular \caption on input line 120.
See the caption package documentation for explanation.

<2x2.png, id=143, 213.79875pt x 419.5675pt>
File: 2x2.png Graphic file (type png)
<use 2x2.png>
Package pdftex.def Info: 2x2.png  used on input line 121.
(pdftex.def)             Requested size: 128.28023pt x 251.74243pt.

Package caption Warning: The option `hypcap=true' will be ignored for this
(caption)                particular \caption on input line 122.
See the caption package documentation for explanation.

<4x1.png, id=144, 283.0575pt x 278.03876pt>
File: 4x1.png Graphic file (type png)
<use 4x1.png>
Package pdftex.def Info: 4x1.png  used on input line 123.
(pdftex.def)             Requested size: 169.8358pt x 166.82454pt.

Package caption Warning: The option `hypcap=true' will be ignored for this
(caption)                particular \caption on input line 124.
See the caption package documentation for explanation.


Underfull \vbox (badness 10000) has occurred while \output is active []

<4x2.png, id=145, 259.97125pt x 290.08376pt>
File: 4x2.png Graphic file (type png)
<use 4x2.png>
Package pdftex.def Info: 4x2.png  used on input line 125.
(pdftex.def)             Requested size: 155.98395pt x 174.05159pt.


Package caption Warning: The option `hypcap=true' will be ignored for this
(caption)                particular \caption on input line 126.
See the caption package documentation for explanation.


Package hyperref Warning: Token not allowed in a PDF string (PDFDocEncoding):
(hyperref)                removing `math shift' on input line 127.


Package hyperref Warning: Token not allowed in a PDF string (PDFDocEncoding):
(hyperref)                removing `\@@underline' on input line 127.


Package hyperref Warning: Token not allowed in a PDF string (PDFDocEncoding):
(hyperref)                removing `\hbox' on input line 127.


Package hyperref Warning: Token not allowed in a PDF string (PDFDocEncoding):
(hyperref)                removing `\mathsurround' on input line 127.


Package hyperref Warning: Token not allowed in a PDF string (PDFDocEncoding):
(hyperref)                removing `\z@' on input line 127.


Package hyperref Warning: Token not allowed in a PDF string (PDFDocEncoding):
(hyperref)                removing `math shift' on input line 127.


LaTeX Warning: Command \r invalid in math mode on input line 130.

<H_top.png, id=147, 1425.325pt x 426.59375pt>
File: H_top.png Graphic file (type png)
<use H_top.png>
Package pdftex.def Info: H_top.png  used on input line 132.
(pdftex.def)             Requested size: 285.05995pt x 85.31723pt.

Package caption Warning: The option `hypcap=true' will be ignored for this
(caption)                particular \caption on input line 133.
See the caption package documentation for explanation.


Overfull \hbox (49.80995pt too wide) in paragraph at lines 132--133
[][] 
 []


Underfull \vbox (badness 10000) has occurred while \output is active []


Overfull \hbox (253.25pt too wide) has occurred while \output is active
[][][] 
 []


Overfull \vbox (1.0pt too high) has occurred while \output is active []

 [3
Non-PDF special ignored!
<special> ps: [{ThisPage} << /CropBox [0 0 595.26013 782.33696] >> /PUT pdf...
 <./2x1.png> <./2x2.png> <./4x1.png> <./4x2.png>]
<H.png, id=161, 1425.325pt x 853.1875pt>
File: H.png Graphic file (type png)
<use H.png>
Package pdftex.def Info: H.png  used on input line 135.
(pdftex.def)             Requested size: 256.54742pt x 153.56712pt.


Package caption Warning: The option `hypcap=true' will be ignored for this
(caption)                particular \caption on input line 136.
See the caption package documentation for explanation.


Overfull \hbox (21.29742pt too wide) in paragraph at lines 135--136
[][] 
 []

<M_top.png, id=162, 1425.325pt x 426.59375pt>
File: M_top.png Graphic file (type png)
<use M_top.png>
Package pdftex.def Info: M_top.png  used on input line 138.
(pdftex.def)             Requested size: 285.05995pt x 85.31723pt.

Package caption Warning: The option `hypcap=true' will be ignored for this
(caption)                particular \caption on input line 139.
See the caption package documentation for explanation.


Overfull \hbox (49.80995pt too wide) in paragraph at lines 138--139
[][] 
 []

<M.png, id=163, 1425.325pt x 853.1875pt>
File: M.png Graphic file (type png)
<use M.png>
Package pdftex.def Info: M.png  used on input line 141.
(pdftex.def)             Requested size: 256.54742pt x 153.56712pt.

Package caption Warning: The option `hypcap=true' will be ignored for this
(caption)                particular \caption on input line 142.
See the caption package documentation for explanation.


Overfull \hbox (21.29742pt too wide) in paragraph at lines 141--142
[][] 
 []


Underfull \vbox (badness 10000) has occurred while \output is active []

<2x2_final.png, id=167, 1417.295pt x 1670.24pt>
File: 2x2_final.png Graphic file (type png)
<use 2x2_final.png>
Package pdftex.def Info: 2x2_final.png  used on input line 148.
(pdftex.def)             Requested size: 212.58507pt x 250.52519pt.


Package caption Warning: The option `hypcap=true' will be ignored for this
(caption)                particular \caption on input line 149.
See the caption package documentation for explanation.

<4x2_final.jpg, id=168, 1417.295pt x 1670.24pt>
File: 4x2_final.jpg Graphic file (type jpg)
<use 4x2_final.jpg>
Package pdftex.def Info: 4x2_final.jpg  used on input line 154.
(pdftex.def)             Requested size: 212.58507pt x 250.52519pt.

Package caption Warning: The option `hypcap=true' will be ignored for this
(caption)                particular \caption on input line 155.
See the caption package documentation for explanation.


LaTeX Warning: Command \r invalid in math mode on input line 159.


LaTeX Warning: Command \r invalid in math mode on input line 159.


LaTeX Warning: Command \r invalid in math mode on input line 159.


Underfull \vbox (badness 10000) has occurred while \output is active []


Overfull \hbox (253.25pt too wide) has occurred while \output is active
[][][] 
 []


Overfull \vbox (1.0pt too high) has occurred while \output is active []

 [4
Non-PDF special ignored!
<special> ps: [{ThisPage} << /CropBox [0 0 595.26013 782.33696] >> /PUT pdf...
 <./H_top.png> <./H.png> <./M_top.png> <./M.png> <./2x2_final.png> <./4x2_final
.jpg>]

Package hyperref Warning: Token not allowed in a PDF string (PDFDocEncoding):
(hyperref)                removing `math shift' on input line 162.


Package hyperref Warning: Token not allowed in a PDF string (PDFDocEncoding):
(hyperref)                removing `\@@underline' on input line 162.


Package hyperref Warning: Token not allowed in a PDF string (PDFDocEncoding):
(hyperref)                removing `\hbox' on input line 162.


Package hyperref Warning: Token not allowed in a PDF string (PDFDocEncoding):
(hyperref)                removing `\mathsurround' on input line 162.


Package hyperref Warning: Token not allowed in a PDF string (PDFDocEncoding):
(hyperref)                removing `\z@' on input line 162.


Package hyperref Warning: Token not allowed in a PDF string (PDFDocEncoding):
(hyperref)                removing `math shift' on input line 162.


Package caption Warning: The option `hypcap=true' will be ignored for this
(caption)                particular \caption on input line 177.
See the caption package documentation for explanation.


LaTeX Warning: Command \r invalid in math mode on input line 180.

<bondlength.png, id=188, 712.6625pt x 426.59375pt>
File: bondlength.png Graphic file (type png)
<use bondlength.png>
Package pdftex.def Info: bondlength.png  used on input line 181.
(pdftex.def)             Requested size: 285.05995pt x 170.63446pt.

Package caption Warning: The option `hypcap=true' will be ignored for this
(caption)                particular \caption on input line 182.
See the caption package documentation for explanation.


Underfull \hbox (badness 10000) in paragraph at lines 180--182
[]\OT1/cmr/m/n/7.52812 The average Pb-Ge bond length was found to
 []


Underfull \hbox (badness 10000) in paragraph at lines 180--182
\OT1/cmr/m/n/7.52812 be 2.949$[]\OML/cmm/m/it/7.52812 A$ \OT1/cmr/m/n/7.52812 a
nd due to the charge difference plot
 []


Underfull \hbox (badness 10000) in paragraph at lines 180--182
\OT1/cmr/m/n/7.52812 one Pb atom is bonded with three Ge atoms.
 []


Overfull \hbox (49.80995pt too wide) in paragraph at lines 180--182
[] 
 []

LaTeX Font Info:    Calculating math sizes for size <6.5> on input line 182.

LaTeX Font Warning: Font shape `U/rsfs/m/n' in size <6.5> not available
(Font)              size <6> substituted on input line 182.


LaTeX Font Warning: Font shape `U/rsfs/m/n' in size <4.54997> not available
(Font)              size <5> substituted on input line 182.


LaTeX Font Warning: Font shape `U/rsfs/m/n' in size <3.25> not available
(Font)              size <5> substituted on input line 182.


Package caption Warning: The option `hypcap=true' will be ignored for this
(caption)                particular \caption on input line 205.
See the caption package documentation for explanation.


Underfull \vbox (badness 10000) has occurred while \output is active []

<charge_diff3.png, id=189, 708.6475pt x 408.52625pt>
File: charge_diff3.png Graphic file (type png)
<use charge_diff3.png>
Package pdftex.def Info: charge_diff3.png  used on input line 209.
(pdftex.def)             Requested size: 283.45398pt x 163.4076pt.


Package caption Warning: The option `hypcap=true' will be ignored for this
(caption)                particular \caption on input line 210.
See the caption package documentation for explanation.


Overfull \hbox (48.20398pt too wide) in paragraph at lines 207--210
[] 
 []


LaTeX Warning: Command \r invalid in math mode on input line 213.


LaTeX Warning: Command \r invalid in math mode on input line 215.


LaTeX Warning: Command \r invalid in math mode on input line 215.

<res_dist.png, id=191, 1441.385pt x 424.58624pt>
File: res_dist.png Graphic file (type png)
<use res_dist.png>
Package pdftex.def Info: res_dist.png  used on input line 216.
(pdftex.def)             Requested size: 216.19841pt x 63.68518pt.

Package caption Warning: The option `hypcap=true' will be ignored for this
(caption)                particular \caption on input line 217.
See the caption package documentation for explanation.


LaTeX Warning: Command \r invalid in math mode on input line 217.


Package hyperref Warning: Token not allowed in a PDF string (PDFDocEncoding):
(hyperref)                removing `math shift' on input line 219.


Package hyperref Warning: Token not allowed in a PDF string (PDFDocEncoding):
(hyperref)                removing `\@@underline' on input line 219.


Package hyperref Warning: Token not allowed in a PDF string (PDFDocEncoding):
(hyperref)                removing `\hbox' on input line 219.


Package hyperref Warning: Token not allowed in a PDF string (PDFDocEncoding):
(hyperref)                removing `\mathsurround' on input line 219.


Package hyperref Warning: Token not allowed in a PDF string (PDFDocEncoding):
(hyperref)                removing `\z@' on input line 219.


Package hyperref Warning: Token not allowed in a PDF string (PDFDocEncoding):
(hyperref)                removing `math shift' on input line 219.


Package caption Warning: The option `hypcap=true' will be ignored for this
(caption)                particular \caption on input line 234.
See the caption package documentation for explanation.


LaTeX Warning: Command \r invalid in math mode on input line 237.


Package hyperref Warning: Token not allowed in a PDF string (PDFDocEncoding):
(hyperref)                removing `math shift' on input line 239.


Package hyperref Warning: Token not allowed in a PDF string (PDFDocEncoding):
(hyperref)                removing `\@@underline' on input line 239.


Package hyperref Warning: Token not allowed in a PDF string (PDFDocEncoding):
(hyperref)                removing `\hbox' on input line 239.


Package hyperref Warning: Token not allowed in a PDF string (PDFDocEncoding):
(hyperref)                removing `\mathsurround' on input line 239.


Package hyperref Warning: Token not allowed in a PDF string (PDFDocEncoding):
(hyperref)                removing `\z@' on input line 239.


Package hyperref Warning: Token not allowed in a PDF string (PDFDocEncoding):
(hyperref)                removing `math shift' on input line 239.


Package caption Warning: The option `hypcap=true' will be ignored for this
(caption)                particular \caption on input line 255.
See the caption package documentation for explanation.


Underfull \vbox (badness 10000) has occurred while \output is active []


Overfull \hbox (253.25pt too wide) has occurred while \output is active
[][][] 
 []


Overfull \vbox (1.0pt too high) has occurred while \output is active []

 [5
Non-PDF special ignored!
<special> ps: [{ThisPage} << /CropBox [0 0 595.26013 782.33696] >> /PUT pdf...
 <./bondlength.png> <./charge_diff3.png> <./res_dist.png>]
<new_avg.png, id=210, 462.528pt x 346.896pt>
File: new_avg.png Graphic file (type png)
<use new_avg.png>
Package pdftex.def Info: new_avg.png  used on input line 262.
(pdftex.def)             Requested size: 254.39117pt x 190.79338pt.


Package caption Warning: The option `hypcap=true' will be ignored for this
(caption)                particular \caption on input line 263.
See the caption package documentation for explanation.


Overfull \hbox (19.14117pt too wide) in paragraph at lines 262--263
[][] 
 []


LaTeX Warning: Command \r invalid in math mode on input line 263.

<g_of_r_Ge_111.png, id=211, 465.23813pt x 268.75406pt>
File: g_of_r_Ge_111.png Graphic file (type png)
<use g_of_r_Ge_111.png>
Package pdftex.def Info: g_of_r_Ge_111.png  used on input line 265.
(pdftex.def)             Requested size: 255.88176pt x 147.81519pt.

Package caption Warning: The option `hypcap=true' will be ignored for this
(caption)                particular \caption on input line 266.
See the caption package documentation for explanation.


Overfull \hbox (20.63176pt too wide) in paragraph at lines 265--266
[][] 
 []


Underfull \vbox (badness 10000) has occurred while \output is active []



Package hyperref Warning: Token not allowed in a PDF string (PDFDocEncoding):
(hyperref)                removing `math shift' on input line 273.


Package hyperref Warning: Token not allowed in a PDF string (PDFDocEncoding):
(hyperref)                removing `\@@underline' on input line 273.


Package hyperref Warning: Token not allowed in a PDF string (PDFDocEncoding):
(hyperref)                removing `\hbox' on input line 273.


Package hyperref Warning: Token not allowed in a PDF string (PDFDocEncoding):
(hyperref)                removing `\mathsurround' on input line 273.


Package hyperref Warning: Token not allowed in a PDF string (PDFDocEncoding):
(hyperref)                removing `\z@' on input line 273.


Package hyperref Warning: Token not allowed in a PDF string (PDFDocEncoding):
(hyperref)                removing `math shift' on input line 273.


Package caption Warning: The option `hypcap=true' will be ignored for this
(caption)                particular \caption on input line 290.
See the caption package documentation for explanation.

<paper.png, id=217, 174.6525pt x 210.7875pt>
File: paper.png Graphic file (type png)
<use paper.png>
Package pdftex.def Info: paper.png  used on input line 297.
(pdftex.def)             Requested size: 104.7923pt x 126.47346pt.

Package caption Warning: The option `hypcap=true' will be ignored for this
(caption)                particular \caption on input line 298.
See the caption package documentation for explanation.

<table.png, id=220, 482.80376pt x 156.585pt>
File: table.png Graphic file (type png)
<use table.png>
Package pdftex.def Info: table.png  used on input line 301.
(pdftex.def)             Requested size: 241.40129pt x 78.2923pt.

Underfull \hbox (badness 10000) in paragraph at lines 300--302
[]\OT1/cmr/m/n/7.52812 I get excactly the same behavior for my systems
 []


Underfull \hbox (badness 10000) in paragraph at lines 300--302
\OT1/cmr/m/n/7.52812 compared to the table from the paper [[]].
 []


Overfull \hbox (6.15129pt too wide) in paragraph at lines 300--302
[] 
 []


Underfull \vbox (badness 10000) has occurred while \output is active []


Overfull \hbox (253.25pt too wide) has occurred while \output is active
[][][] 
 []


Overfull \vbox (1.0pt too high) has occurred while \output is active []

 [6
Non-PDF special ignored!
<special> ps: [{ThisPage} << /CropBox [0 0 595.26013 782.33696] >> /PUT pdf...
 <./new_avg.png> <./g_of_r_Ge_111.png> <./paper.png>]

Package caption Warning: The option `hypcap=true' will be ignored for this
(caption)                particular \caption on input line 317.
See the caption package documentation for explanation.


Package hyperref Warning: Token not allowed in a PDF string (PDFDocEncoding):
(hyperref)                removing `math shift' on input line 323.


Package hyperref Warning: Token not allowed in a PDF string (PDFDocEncoding):
(hyperref)                removing `\@@underline' on input line 323.


Package hyperref Warning: Token not allowed in a PDF string (PDFDocEncoding):
(hyperref)                removing `\hbox' on input line 323.


Package hyperref Warning: Token not allowed in a PDF string (PDFDocEncoding):
(hyperref)                removing `\mathsurround' on input line 323.


Package hyperref Warning: Token not allowed in a PDF string (PDFDocEncoding):
(hyperref)                removing `\z@' on input line 323.


Package hyperref Warning: Token not allowed in a PDF string (PDFDocEncoding):
(hyperref)                removing `math shift' on input line 323.


Package caption Warning: The option `hypcap=true' will be ignored for this
(caption)                particular \caption on input line 336.
See the caption package documentation for explanation.


LaTeX Warning: Command \r invalid in math mode on input line 339.

<ch_dif_M.png, id=241, 712.6625pt x 426.59375pt>
File: ch_dif_M.png Graphic file (type png)
<use ch_dif_M.png>
Package pdftex.def Info: ch_dif_M.png  used on input line 340.
(pdftex.def)             Requested size: 285.05995pt x 170.63446pt.

Package caption Warning: The option `hypcap=true' will be ignored for this
(caption)                particular \caption on input line 341.
See the caption package documentation for explanation.


Underfull \hbox (badness 10000) in paragraph at lines 339--341
[]\OT1/cmr/m/n/7.52812 From the charge density difference bellow, it is
 []


Underfull \hbox (badness 10000) in paragraph at lines 339--341
\OT1/cmr/m/n/7.52812 found that one Pb atom bonds with three Ge
 []


Underfull \hbox (badness 10000) in paragraph at lines 339--341
\OT1/cmr/m/n/7.52812 atoms, with an average bond length 2.88 $[]\OML/cmm/m/it/7
.52812 A$\OT1/cmr/m/n/7.52812 .
 []


Overfull \hbox (49.80995pt too wide) in paragraph at lines 339--341
[] 
 []

<chem_pot_vs_coverage.png, id=242, 462.528pt x 346.896pt>
File: chem_pot_vs_coverage.png Graphic file (type png)
<use chem_pot_vs_coverage.png>
Package pdftex.def Info: chem_pot_vs_coverage.png  used on input line 349.
(pdftex.def)             Requested size: 231.26343pt x 173.44757pt.

Package caption Warning: The option `hypcap=true' will be ignored for this
(caption)                particular \caption on input line 350.
See the caption package documentation for explanation.


LaTeX Warning: Command \r invalid in math mode on input line 350.

<g_of_r_ge_100.png, id=243, 642.4pt x 481.8pt>
File: g_of_r_ge_100.png Graphic file (type png)
<use g_of_r_ge_100.png>
Package pdftex.def Info: g_of_r_ge_100.png  used on input line 352.
(pdftex.def)             Requested size: 224.84337pt x 168.63252pt.

Package caption Warning: The option `hypcap=true' will be ignored for this
(caption)                particular \caption on input line 353.
See the caption package documentation for explanation.


Package hyperref Warning: Token not allowed in a PDF string (PDFDocEncoding):
(hyperref)                removing `math shift' on input line 358.


Package hyperref Warning: Token not allowed in a PDF string (PDFDocEncoding):
(hyperref)                removing `\@@underline' on input line 358.


Package hyperref Warning: Token not allowed in a PDF string (PDFDocEncoding):
(hyperref)                removing `\hbox' on input line 358.


Package hyperref Warning: Token not allowed in a PDF string (PDFDocEncoding):
(hyperref)                removing `\mathsurround' on input line 358.


Package hyperref Warning: Token not allowed in a PDF string (PDFDocEncoding):
(hyperref)                removing `\z@' on input line 358.


Package hyperref Warning: Token not allowed in a PDF string (PDFDocEncoding):
(hyperref)                removing `math shift' on input line 358.


Package hyperref Warning: Token not allowed in a PDF string (PDFDocEncoding):
(hyperref)                removing `math shift' on input line 360.


Package hyperref Warning: Token not allowed in a PDF string (PDFDocEncoding):
(hyperref)                removing `\@@underline' on input line 360.


Package hyperref Warning: Token not allowed in a PDF string (PDFDocEncoding):
(hyperref)                removing `\hbox' on input line 360.


Package hyperref Warning: Token not allowed in a PDF string (PDFDocEncoding):
(hyperref)                removing `\mathsurround' on input line 360.


Package hyperref Warning: Token not allowed in a PDF string (PDFDocEncoding):
(hyperref)                removing `\z@' on input line 360.


Package hyperref Warning: Token not allowed in a PDF string (PDFDocEncoding):
(hyperref)                removing `math shift' on input line 360.


Underfull \hbox (badness 1609) in paragraph at lines 361--362
\OT1/cmr/m/n/7.52812 By altering the buckling orientations of the dimers, an
 []


Overfull \hbox (253.25pt too wide) has occurred while \output is active
[][][] 
 []


Overfull \vbox (1.0pt too high) has occurred while \output is active []

 [7
Non-PDF special ignored!
<special> ps: [{ThisPage} << /CropBox [0 0 595.26013 782.33696] >> /PUT pdf...
 <./table.png> <./ch_dif_M.png> <./chem_pot_vs_coverage.png> <./g_of_r_ge_100.p
ng>]

Package hyperref Warning: Token not allowed in a PDF string (PDFDocEncoding):
(hyperref)                removing `math shift' on input line 362.


Package hyperref Warning: Token not allowed in a PDF string (PDFDocEncoding):
(hyperref)                removing `\@@underline' on input line 362.


Package hyperref Warning: Token not allowed in a PDF string (PDFDocEncoding):
(hyperref)                removing `\hbox' on input line 362.


Package hyperref Warning: Token not allowed in a PDF string (PDFDocEncoding):
(hyperref)                removing `\mathsurround' on input line 362.


Package hyperref Warning: Token not allowed in a PDF string (PDFDocEncoding):
(hyperref)                removing `\z@' on input line 362.


Package hyperref Warning: Token not allowed in a PDF string (PDFDocEncoding):
(hyperref)                removing `math shift' on input line 362.


Overfull \hbox (253.25pt too wide) has occurred while \output is active
[][][] 
 []


Overfull \vbox (1.0pt too high) has occurred while \output is active []

 [8
Non-PDF special ignored!
<special> ps: [{ThisPage} << /CropBox [0 0 595.26013 782.33696] >> /PUT pdf...

] (./pnas-nexus-authoring-template.bbl
Underfull \hbox (badness 7099) in paragraph at lines 9--14
[]\OT1/cmr/m/n/7.52812 Conn O'Rourke, Shereif Y Mujahed, Chathurangi
 []


Underfull \hbox (badness 10000) in paragraph at lines 9--14
\OT1/cmr/m/n/7.52812 Kumarasinghe, Tsuyoshi Miyazaki, and David R
 []


Underfull \hbox (badness 2922) in paragraph at lines 9--14
\OT1/cmr/m/n/7.52812 Bowler.  Structural properties of silicon{germanium
 []


Underfull \hbox (badness 1308) in paragraph at lines 66--69
[]\OT1/cmr/m/n/7.52812 Ing-Shouh Hwang and Jene A. Golovchenko.  Phase
 []


Underfull \hbox (badness 1184) in paragraph at lines 66--69
\OT1/cmr/m/n/7.52812 transition of monolayer pb/ge(111).  \OT1/cmr/m/it/7.52812
 Phys. Rev. B\OT1/cmr/m/n/7.52812 ,
 []


Underfull \hbox (badness 1062) in paragraph at lines 71--74
[]\OT1/cmr/m/n/7.52812 JA Kubby, JE Griffith, RS Becker, and JS Vickers.
 []


Underfull \hbox (badness 1622) in paragraph at lines 93--96
\OT1/cmr/m/n/7.52812 reconstructions on germanium.  \OT1/cmr/m/it/7.52812 Journ
al of Physics:
 []

)
- LAST -
Extra skip:15.08177pt
Left:319.5pt/1.46379pt
Right:304.0pt/1.88202pt
Output:320.0pt

Overfull \hbox (253.25pt too wide) has occurred while \output is active
[][][] 
 []

[9
Non-PDF special ignored!
<special> ps: [{ThisPage} << /CropBox [0 0 595.26013 782.33696] >> /PUT pdf...

]
Package atveryend Info: Empty hook `BeforeClearDocument' on input line 374.
Package atveryend Info: Empty hook `AfterLastShipout' on input line 374.
 (./pnas-nexus-authoring-template.aux)
Package atveryend Info: Executing hook `AtVeryEndDocument' on input line 374.
Package atveryend Info: Executing hook `AtEndAfterFileList' on input line 374.
Package rerunfilecheck Info: File `pnas-nexus-authoring-template.out' has not c
hanged.
(rerunfilecheck)             Checksum: EEB628FA2537182621EE4966DEAE9423;983.


LaTeX Font Warning: Size substitutions with differences
(Font)              up to 1.75pt have occurred.


LaTeX Warning: There were multiply-defined labels.

 ) 
Here is how much of TeX's memory you used:
 12247 strings out of 481239
 182730 string characters out of 5920378
 494572 words of memory out of 5000000
 27154 multiletter control sequences out of 15000+600000
 561494 words of font info for 135 fonts, out of 8000000 for 9000
 1145 hyphenation exceptions out of 8191
 67i,15n,61p,17372b,423s stack positions out of 5000i,500n,10000p,200000b,80000s
{/usr/share/texmf/fonts/enc/dvips/cm-super/cm-super-ts1.enc}</usr/share/texli
ve/texmf-dist/fonts/type1/public/amsfonts/cm/cmb10.pfb></usr/share/texlive/texm
f-dist/fonts/type1/public/amsfonts/cm/cmbx12.pfb></usr/share/texlive/texmf-dist
/fonts/type1/public/amsfonts/cm/cmbx6.pfb></usr/share/texlive/texmf-dist/fonts/
type1/public/amsfonts/cm/cmbx7.pfb></usr/share/texlive/texmf-dist/fonts/type1/p
ublic/amsfonts/cm/cmbx8.pfb></usr/share/texlive/texmf-dist/fonts/type1/public/a
msfonts/cm/cmmi5.pfb></usr/share/texlive/texmf-dist/fonts/type1/public/amsfonts
/cm/cmmi6.pfb></usr/share/texlive/texmf-dist/fonts/type1/public/amsfonts/cm/cmm
i7.pfb></usr/share/texlive/texmf-dist/fonts/type1/public/amsfonts/cm/cmmi9.pfb>
</usr/share/texlive/texmf-dist/fonts/type1/public/amsfonts/cm/cmr12.pfb></usr/s
hare/texlive/texmf-dist/fonts/type1/public/amsfonts/cm/cmr17.pfb></usr/share/te
xlive/texmf-dist/fonts/type1/public/amsfonts/cm/cmr5.pfb></usr/share/texlive/te
xmf-dist/fonts/type1/public/amsfonts/cm/cmr6.pfb></usr/share/texlive/texmf-dist
/fonts/type1/public/amsfonts/cm/cmr7.pfb></usr/share/texlive/texmf-dist/fonts/t
ype1/public/amsfonts/cm/cmr8.pfb></usr/share/texlive/texmf-dist/fonts/type1/pub
lic/amsfonts/cm/cmr9.pfb></usr/share/texlive/texmf-dist/fonts/type1/public/amsf
onts/cm/cmss8.pfb></usr/share/texlive/texmf-dist/fonts/type1/public/amsfonts/cm
/cmssbx10.pfb></usr/share/texlive/texmf-dist/fonts/type1/public/amsfonts/cm/cms
y5.pfb></usr/share/texlive/texmf-dist/fonts/type1/public/amsfonts/cm/cmsy6.pfb>
</usr/share/texlive/texmf-dist/fonts/type1/public/amsfonts/cm/cmsy7.pfb></usr/s
hare/texlive/texmf-dist/fonts/type1/public/amsfonts/cm/cmti7.pfb></usr/share/te
xlive/texmf-dist/fonts/type1/public/amsfonts/cm/cmti8.pfb></usr/share/texmf/fon
ts/type1/public/cm-super/sfrm0600.pfb></usr/share/texmf/fonts/type1/public/cm-s
uper/sfrm0700.pfb>
Output written on pnas-nexus-authoring-template.pdf (9 pages, 4485281 bytes).
PDF statistics:
 368 PDF objects out of 1000 (max. 8388607)
 287 compressed objects within 3 object streams
 80 named destinations out of 1000 (max. 500000)
 257 words of extra memory for PDF output out of 10000 (max. 10000000)

